2019-11-02 00:27:52.266 INFO  com.WebappWechatApplication - Starting WebappWechatApplication on ewg with PID 58674 (/Users/everywherewego/IdeaProjects/mySpringbootTemplate/target/classes started by everywherewego in /Users/everywherewego/IdeaProjects/mySpringbootTemplate)
2019-11-02 00:27:52.267 INFO  com.WebappWechatApplication - No active profile set, falling back to default profiles: default
2019-11-02 00:27:52.289 INFO  org.springframework.boot.devtools.env.DevToolsPropertyDefaultsPostProcessor - Devtools property defaults active! Set 'spring.devtools.add-properties' to 'false' to disable
2019-11-02 00:27:52.289 INFO  org.springframework.boot.devtools.env.DevToolsPropertyDefaultsPostProcessor - For additional web related logging consider setting the 'logging.level.web' property to 'DEBUG'
2019-11-02 00:27:53.633 INFO  org.springframework.boot.web.embedded.tomcat.TomcatWebServer - Tomcat initialized with port(s): 8093 (http)
2019-11-02 00:27:53.644 INFO  org.apache.coyote.http11.Http11NioProtocol - Initializing ProtocolHandler ["http-nio-8093"]
2019-11-02 00:27:53.656 INFO  org.apache.catalina.core.StandardService - Starting service [Tomcat]
2019-11-02 00:27:53.656 INFO  org.apache.catalina.core.StandardEngine - Starting Servlet Engine: Apache Tomcat/9.0.13
2019-11-02 00:27:53.666 INFO  org.apache.catalina.core.AprLifecycleListener - The APR based Apache Tomcat Native library which allows optimal performance in production environments was not found on the java.library.path: [/Users/everywherewego/Library/Java/Extensions:/Library/Java/Extensions:/Network/Library/Java/Extensions:/System/Library/Java/Extensions:/usr/lib/java:.]
2019-11-02 00:27:53.724 INFO  org.apache.catalina.core.ContainerBase.[Tomcat].[localhost].[/] - Initializing Spring embedded WebApplicationContext
2019-11-02 00:27:53.724 INFO  org.springframework.web.context.ContextLoader - Root WebApplicationContext: initialization completed in 1435 ms
2019-11-02 00:27:53.938 INFO  org.springframework.scheduling.concurrent.ThreadPoolTaskExecutor - Initializing ExecutorService 'applicationTaskExecutor'
2019-11-02 00:27:54.109 INFO  org.springframework.boot.devtools.autoconfigure.OptionalLiveReloadServer - LiveReload server is running on port 35729
2019-11-02 00:27:54.138 INFO  org.apache.coyote.http11.Http11NioProtocol - Starting ProtocolHandler ["http-nio-8093"]
2019-11-02 00:27:54.157 INFO  org.apache.tomcat.util.net.NioSelectorPool - Using a shared selector for servlet write/read
2019-11-02 00:27:54.165 INFO  org.springframework.boot.web.embedded.tomcat.TomcatWebServer - Tomcat started on port(s): 8093 (http) with context path ''
2019-11-02 00:27:54.168 INFO  com.WebappWechatApplication - Started WebappWechatApplication in 2.131 seconds (JVM running for 4.489)
2019-11-02 00:29:28.439 INFO  org.springframework.scheduling.concurrent.ThreadPoolTaskExecutor - Shutting down ExecutorService 'applicationTaskExecutor'
2019-11-02 00:29:34.139 INFO  com.WebappWechatApplication - Starting WebappWechatApplication on ewg with PID 58724 (/Users/everywherewego/IdeaProjects/mySpringbootTemplate/target/classes started by everywherewego in /Users/everywherewego/IdeaProjects/mySpringbootTemplate)
2019-11-02 00:29:34.139 INFO  com.WebappWechatApplication - No active profile set, falling back to default profiles: default
2019-11-02 00:29:34.161 INFO  org.springframework.boot.devtools.env.DevToolsPropertyDefaultsPostProcessor - Devtools property defaults active! Set 'spring.devtools.add-properties' to 'false' to disable
2019-11-02 00:29:34.161 INFO  org.springframework.boot.devtools.env.DevToolsPropertyDefaultsPostProcessor - For additional web related logging consider setting the 'logging.level.web' property to 'DEBUG'
2019-11-02 00:29:35.310 INFO  org.springframework.boot.web.embedded.tomcat.TomcatWebServer - Tomcat initialized with port(s): 8093 (http)
2019-11-02 00:29:35.326 INFO  org.apache.coyote.http11.Http11NioProtocol - Initializing ProtocolHandler ["http-nio-8093"]
2019-11-02 00:29:35.337 INFO  org.apache.catalina.core.StandardService - Starting service [Tomcat]
2019-11-02 00:29:35.337 INFO  org.apache.catalina.core.StandardEngine - Starting Servlet Engine: Apache Tomcat/9.0.13
2019-11-02 00:29:35.345 INFO  org.apache.catalina.core.AprLifecycleListener - The APR based Apache Tomcat Native library which allows optimal performance in production environments was not found on the java.library.path: [/Users/everywherewego/Library/Java/Extensions:/Library/Java/Extensions:/Network/Library/Java/Extensions:/System/Library/Java/Extensions:/usr/lib/java:.]
2019-11-02 00:29:35.419 INFO  org.apache.catalina.core.ContainerBase.[Tomcat].[localhost].[/] - Initializing Spring embedded WebApplicationContext
2019-11-02 00:29:35.419 INFO  org.springframework.web.context.ContextLoader - Root WebApplicationContext: initialization completed in 1258 ms
2019-11-02 00:29:35.659 INFO  org.springframework.scheduling.concurrent.ThreadPoolTaskExecutor - Initializing ExecutorService 'applicationTaskExecutor'
2019-11-02 00:29:35.841 INFO  org.springframework.boot.devtools.autoconfigure.OptionalLiveReloadServer - LiveReload server is running on port 35729
2019-11-02 00:29:35.887 INFO  org.apache.coyote.http11.Http11NioProtocol - Starting ProtocolHandler ["http-nio-8093"]
2019-11-02 00:29:35.921 INFO  org.apache.tomcat.util.net.NioSelectorPool - Using a shared selector for servlet write/read
2019-11-02 00:29:35.931 INFO  org.springframework.boot.web.embedded.tomcat.TomcatWebServer - Tomcat started on port(s): 8093 (http) with context path ''
2019-11-02 00:29:35.934 INFO  com.WebappWechatApplication - Started WebappWechatApplication in 1.984 seconds (JVM running for 3.867)
2019-11-02 00:30:30.995 INFO  org.springframework.scheduling.concurrent.ThreadPoolTaskExecutor - Shutting down ExecutorService 'applicationTaskExecutor'
2019-11-02 00:30:34.821 INFO  com.WebappWechatApplication - Starting WebappWechatApplication on ewg with PID 58757 (/Users/everywherewego/IdeaProjects/mySpringbootTemplate/target/classes started by everywherewego in /Users/everywherewego/IdeaProjects/mySpringbootTemplate)
2019-11-02 00:30:34.823 INFO  com.WebappWechatApplication - No active profile set, falling back to default profiles: default
2019-11-02 00:30:34.846 INFO  org.springframework.boot.devtools.env.DevToolsPropertyDefaultsPostProcessor - Devtools property defaults active! Set 'spring.devtools.add-properties' to 'false' to disable
2019-11-02 00:30:34.847 INFO  org.springframework.boot.devtools.env.DevToolsPropertyDefaultsPostProcessor - For additional web related logging consider setting the 'logging.level.web' property to 'DEBUG'
2019-11-02 00:30:36.040 INFO  org.springframework.boot.web.embedded.tomcat.TomcatWebServer - Tomcat initialized with port(s): 8093 (http)
2019-11-02 00:30:36.046 INFO  org.apache.coyote.http11.Http11NioProtocol - Initializing ProtocolHandler ["http-nio-8093"]
2019-11-02 00:30:36.052 INFO  org.apache.catalina.core.StandardService - Starting service [Tomcat]
2019-11-02 00:30:36.052 INFO  org.apache.catalina.core.StandardEngine - Starting Servlet Engine: Apache Tomcat/9.0.13
2019-11-02 00:30:36.055 INFO  org.apache.catalina.core.AprLifecycleListener - The APR based Apache Tomcat Native library which allows optimal performance in production environments was not found on the java.library.path: [/Users/everywherewego/Library/Java/Extensions:/Library/Java/Extensions:/Network/Library/Java/Extensions:/System/Library/Java/Extensions:/usr/lib/java:.]
2019-11-02 00:30:36.091 INFO  org.apache.catalina.core.ContainerBase.[Tomcat].[localhost].[/] - Initializing Spring embedded WebApplicationContext
2019-11-02 00:30:36.091 INFO  org.springframework.web.context.ContextLoader - Root WebApplicationContext: initialization completed in 1244 ms
2019-11-02 00:30:36.212 INFO  org.springframework.scheduling.concurrent.ThreadPoolTaskExecutor - Initializing ExecutorService 'applicationTaskExecutor'
2019-11-02 00:30:36.313 INFO  org.springframework.boot.devtools.autoconfigure.OptionalLiveReloadServer - LiveReload server is running on port 35729
2019-11-02 00:30:36.331 INFO  org.apache.coyote.http11.Http11NioProtocol - Starting ProtocolHandler ["http-nio-8093"]
2019-11-02 00:30:36.346 INFO  org.apache.tomcat.util.net.NioSelectorPool - Using a shared selector for servlet write/read
2019-11-02 00:30:36.354 INFO  org.springframework.boot.web.embedded.tomcat.TomcatWebServer - Tomcat started on port(s): 8093 (http) with context path ''
2019-11-02 00:30:36.356 INFO  com.WebappWechatApplication - Started WebappWechatApplication in 1.735 seconds (JVM running for 2.235)
